<?xml version="1.0" encoding="UTF-8"?>
<!-- Generated by org.testng.reporters.JUnitReportReporter -->
<testsuite skipped="0" hostname="L-2575" name="apachepoicode.apachepoicode.WebTableHandle" tests="1" failures="0" timestamp="2020-05-31T15:58:04 IST" time="19.813" errors="0">
  <testcase name="webtableexample" time="19.813" classname="apachepoicode.apachepoicode.WebTableHandle"/>
  <system-out/>
</testsuite> <!-- apachepoicode.apachepoicode.WebTableHandle -->
